<?xml version="1.0" encoding="UTF-8"?>
<!-- Generated by org.testng.reporters.JUnitReportReporter -->
<testsuite skipped="0" hostname="MAYUR" name="module1.LogoutTest" tests="1" failures="0" timestamp="19 May 2019 13:19:25 GMT" time="4.408" errors="0">
  <testcase name="facebook" time="4.408" classname="module1.LogoutTest"/>
</testsuite> <!-- module1.LogoutTest -->
