<?xml version="1.0" encoding="UTF-8"?>
<!-- Generated by org.testng.reporters.JUnitReportReporter -->
<testsuite skipped="0" hostname="MAYUR" name="module1.Test.ElementLocationVerification" tests="1" failures="0" timestamp="16 Apr 2020 13:21:31 GMT" time="18.240" errors="0">
  <testcase name="VerifyUsername" time="18.240" classname="module1.Test.ElementLocationVerification"/>
</testsuite> <!-- module1.Test.ElementLocationVerification -->
