<?xml version="1.0" encoding="UTF-8"?>
<!-- Generated by org.testng.reporters.JUnitReportReporter -->
<testsuite skipped="0" hostname="MAYUR" name="module1.Test.LogInLogOutTest" tests="1" failures="0" timestamp="17 Jun 2020 15:11:29 GMT" time="121.172" errors="0">
  <testcase name="VerifyUsername" time="121.172" classname="module1.Test.LogInLogOutTest"/>
</testsuite> <!-- module1.Test.LogInLogOutTest -->
