<?xml version="1.0" encoding="UTF-8"?>
<!-- Generated by org.testng.reporters.JUnitReportReporter -->
<testsuite skipped="0" hostname="MAYUR" name="module1.Test.VideoVerificationTest" tests="1" failures="0" timestamp="11 Apr 2020 18:13:27 GMT" time="46.997" errors="0">
  <testcase name="runVideo" time="46.997" classname="module1.Test.VideoVerificationTest"/>
</testsuite> <!-- module1.Test.VideoVerificationTest -->
